#-----------------------------------------------------------
# Vivado v2019.2 (64-bit)
# SW Build 2708876 on Wed Nov  6 21:40:23 MST 2019
# IP Build 2700528 on Thu Nov  7 00:09:20 MST 2019
# Start of session at: Tue Sep 19 14:47:24 2023
# Process ID: 8620
# Current directory: C:/Users/TEMP.SIPC.003/Desktop/BARKOV_IVT21_APS-master
# Command line: vivado.exe -gui_launcher_event rodinguilauncherevent14536 C:\Users\TEMP.SIPC.003\Desktop\BARKOV_IVT21_APS-master\Barkov_APS.xpr
# Log file: C:/Users/TEMP.SIPC.003/Desktop/BARKOV_IVT21_APS-master/vivado.log
# Journal file: C:/Users/TEMP.SIPC.003/Desktop/BARKOV_IVT21_APS-master\vivado.jou
#-----------------------------------------------------------
start_gui
open_project C:/Users/TEMP.SIPC.003/Desktop/BARKOV_IVT21_APS-master/Barkov_APS.xpr
INFO: [Project 1-313] Project file moved from 'C:/Users/8211496/Desktop/BARKOV_IVT21_APS' since last save.
Scanning sources...
Finished scanning sources
INFO: [IP_Flow 19-234] Refreshing IP repositories
INFO: [IP_Flow 19-1704] No user IP repositories specified
INFO: [IP_Flow 19-2313] Loaded Vivado IP repository 'D:/Xilinx/Vivado/2019.2/data/ip'.
open_project: Time (s): cpu = 00:00:16 ; elapsed = 00:00:21 . Memory (MB): peak = 881.723 ; gain = 259.254
update_compile_order -fileset sources_1
close [ open C:/Users/TEMP.SIPC.003/Desktop/BARKOV_IVT21_APS-master/Barkov_APS.srcs/sources_1/new/instr_memory.sv w ]
add_files C:/Users/TEMP.SIPC.003/Desktop/BARKOV_IVT21_APS-master/Barkov_APS.srcs/sources_1/new/instr_memory.sv
update_compile_order -fileset sources_1
close [ open C:/Users/TEMP.SIPC.003/Desktop/BARKOV_IVT21_APS-master/Barkov_APS.srcs/sources_1/new/data_memory.sv w ]
add_files C:/Users/TEMP.SIPC.003/Desktop/BARKOV_IVT21_APS-master/Barkov_APS.srcs/sources_1/new/data_memory.sv
update_compile_order -fileset sources_1
export_ip_user_files -of_objects  [get_files C:/Users/TEMP.SIPC.003/Desktop/BARKOV_IVT21_APS-master/Barkov_APS.srcs/sources_1/new/instr_memory.sv] -no_script -reset -force -quiet
remove_files  C:/Users/TEMP.SIPC.003/Desktop/BARKOV_IVT21_APS-master/Barkov_APS.srcs/sources_1/new/instr_memory.sv
export_ip_user_files -of_objects  [get_files C:/Users/TEMP.SIPC.003/Desktop/BARKOV_IVT21_APS-master/Barkov_APS.srcs/sources_1/new/data_memory.sv] -no_script -reset -force -quiet
remove_files  C:/Users/TEMP.SIPC.003/Desktop/BARKOV_IVT21_APS-master/Barkov_APS.srcs/sources_1/new/data_memory.sv
add_files -norecurse {C:/Users/TEMP.SIPC.003/Desktop/BARKOV_IVT21_APS-master/Barkov_APS.srcs/sources_1/new/data_memory.sv C:/Users/TEMP.SIPC.003/Desktop/BARKOV_IVT21_APS-master/Barkov_APS.srcs/sources_1/new/instr_mem.sv}
update_compile_order -fileset sources_1
add_files -norecurse C:/Users/TEMP.SIPC.003/Desktop/BARKOV_IVT21_APS-master/Barkov_APS.srcs/sources_1/new/program.txt
set_property file_type {Memory File} [get_files  C:/Users/TEMP.SIPC.003/Desktop/BARKOV_IVT21_APS-master/Barkov_APS.srcs/sources_1/new/program.txt]
exit
INFO: [Common 17-206] Exiting Vivado at Tue Sep 19 16:46:39 2023...
